<?xml version="1.0" encoding="UTF-8"?>
<!-- Generated by org.testng.reporters.JUnitXMLReporter -->
<testsuite hostname="DESKTOP-SPPT2CF" ignored="0" name="Validate Title" tests="1" failures="1" timestamp="2021-06-29T10:45:47 ICT" time="40.262" errors="0">
  <testcase name="validateAppTitle" time="0.075" classname="travellin.validateTitle">
    <failure type="java.lang.AssertionError" message="expected [PURCH4S3] but found [PURCHASE]">
      <![CDATA[java.lang.AssertionError: expected [PURCH4S3] but found [PURCHASE]
at travellin.validateTitle.validateAppTitle(validateTitle.java:34)
at java.util.ArrayList.forEach(ArrayList.java:1259)
... Removed 37 stack frames]]>
    </failure>
  </testcase> <!-- validateAppTitle -->
</testsuite> <!-- Validate Title -->
